<?xml version="1.0" encoding="UTF-8"?>
<!-- Generated by org.testng.reporters.JUnitXMLReporter -->
<testsuite ignored="3" hostname="DESKTOP-AcerAspire7" failures="0" tests="1" name="Default test" time="8.651" errors="0" timestamp="2022-11-11T21:16:20 IST">
  <testcase classname="TestCases.Test3CartPage" name="clickmenubtntest" time="1.35"/>
  <testcase classname="TestCases.Test3CartPage" name="verifyinformationtexttest" time="0.0">
    <ignored/>
  </testcase> <!-- verifyinformationtexttest -->
  <testcase classname="TestCases.Test3CartPage" name="verifyyourcarttexttest" time="0.0">
    <ignored/>
  </testcase> <!-- verifyyourcarttexttest -->
  <testcase classname="TestCases.Test3CartPage" name="clickcheckoutbtntest" time="0.0">
    <ignored/>
  </testcase> <!-- clickcheckoutbtntest -->
</testsuite> <!-- Default test -->
